
./desktop/20170225-1488024440/livecd-stage1-amd64-latest.tar.bz2.DIGESTS
# SHA512 HASH
01b705c34fc25844941cb0edc3ba4d8dde58b4e9cb93e32602fe1977334bd209e94b8eb2af971c023c110142b1d1a30f9ed4bfbf863a53de05633b614e347ae8  livecd-stage1-amd64-latest.tar.bz2
# WHIRLPOOL HASH
6cb03f93bc7b6448f60e6d64e4ae616589a35a4a0de77d5f6df4fb48f308ffe36e8fbb6e65acbc85e8688dfd74fc443e010199e4420650b851b0dcedfd5e3e2e  livecd-stage1-amd64-latest.tar.bz2
# SHA512 HASH
46d7087b891677880d36954e294d26e3de98bf0bddff14ce1db14eecdd99e501962c87161450a3954943599198fcd94e6968dffc2e5a68b55eb179ef4eb32dda  livecd-stage1-amd64-latest.tar.bz2.CONTENTS
# WHIRLPOOL HASH
b9ad8cf3e49eb5c0467a9fd42b23bacba9e945ed66ff402b443cc7f7501b1c9ce6f3b82203337dcf35a3b26d4b011996ac1c6f75d666daa4e628643ad4a3f5c9  livecd-stage1-amd64-latest.tar.bz2.CONTENTS

./desktop/20170225-1488024440/amd64-latest.iso.DIGESTS
# SHA512 HASH
3380ffc07b0bbbe2e9cfac55fc3905317e7e6cd84e34578e53c09de14369522f87d227a1d4dc569341f5b91ed2dcbb4ec186c7211461a97c3d969e77e42f9572  amd64-latest.iso
# WHIRLPOOL HASH
9bb7e08210642cbfbcc8ee5de86ef6b5daa718703ba4a6e51b39fbe5bd50cb7986a002c48bfc42f5c9cde9be55669a4702d1b96a1b6627cf3c43edad7c79cca7  amd64-latest.iso
# SHA512 HASH
7c8e9372342b2213cb435c6657730bb7f9b0d28d1132b814d4d186a3c749c938ecfaba13cca7886b698b4d421a9ad997b77f5dc0310df9cbc05fcc9e0eee6656  amd64-latest.iso.CONTENTS
# WHIRLPOOL HASH
da4fa9e87afaadadc536838451f43654e16fc743a969c12a062cc9c05b14558efe724107480be512f1c3cacb6adc401e952d04bfad6a11ceac3187bc76d02329  amd64-latest.iso.CONTENTS

./boot/20170225-1488024440/stage3-amd64-latest.tar.bz2.DIGESTS
# SHA512 HASH
351d0df001bef4699a7f9a8ad85aa715936386f63adc71398abbc3b893fb64ed24da9def24272d0b21b09bf35fc838236ef67a274b5aaddcb38eb96a2b24e648  stage3-amd64-latest.tar.bz2
# WHIRLPOOL HASH
963ac27b4d7c34d9d4535d86dec938d435b939e334494135a05f1dc2869f9729b00b54fa59b4bbdfc246fe9effaec6101f8a1b3b55650aa59b4201d8341c7bbe  stage3-amd64-latest.tar.bz2
# SHA512 HASH
e46bc9f463219eb494db3c4977e6c3749893faae7d04ae8ea26983a4036922d1039600cb3bbb7e9abb432d5367a10f0181707da7fa39c64538875271cff71d97  stage3-amd64-latest.tar.bz2.CONTENTS
# WHIRLPOOL HASH
17a1c08d4777d4cf3632324efc0ec1e6330d4408404750a89ee72b5c326ec5b0a8e19199ee7c03879b96b69eee822967c06049d70e4b39413a99e8f4bae02240  stage3-amd64-latest.tar.bz2.CONTENTS

./boot/20170225-1488024440/stage2-amd64-latest.tar.bz2.DIGESTS
# SHA512 HASH
5b17614448565ebe08bff88f88b937a35522b667c8712d2de8ede0bba43ea7ea9d787d2a0ed4494fcf2857f193fc13b57bc6f4ae1c9b92ffd8ea93525a3a0198  stage2-amd64-latest.tar.bz2
# WHIRLPOOL HASH
a776761f74d32b7cd35b7f23f7201cb2382bd263b16007d43edbf2c0c3d238ab98e7a606bb4892255636cb61d947536d1794ec4d597361b33da3728f01302808  stage2-amd64-latest.tar.bz2
# SHA512 HASH
d84e92aa9b3329522e06decb052f35b7c445664604174fce075bd08ade9ac3574555811c25e47efa41163cbabb3f5001b511374f924431ae170961c7a7b41748  stage2-amd64-latest.tar.bz2.CONTENTS
# WHIRLPOOL HASH
353bc1eb1eee0d14b37b455a825c482c7e971d7b5dc467d64a7688303f78226a4f2388ff690217fa1a04deda61ababa3ea19f312b18869a972859ff2c04ceb09  stage2-amd64-latest.tar.bz2.CONTENTS

./boot/20170225-1488024440/stage1-amd64-latest.tar.bz2.DIGESTS
# SHA512 HASH
4dd2376085a3f0e3804bf932b9a896952a24127ac689c77f1e986877f729c994975b552ae5fd364adfc35356415976dc449ce6e4d0f90a30903448e6ccfe52c9  stage1-amd64-latest.tar.bz2
# WHIRLPOOL HASH
3264f051c35a4f4ddfe25d341dc32b0aeec272cee37f02c46e920cc29391b56d594898737b9f13b2f1c81f4022c6d5e234c4ef6a17baab92bbc9944eb592dd6e  stage1-amd64-latest.tar.bz2
# SHA512 HASH
f91513b0e30a88481400e21a4696b84b6d03911aad9cf1ead3febf23d47c993b848c995f1c343296bca87e3e34c722ca7b9d7545e03f5b40660f28ce76f3f707  stage1-amd64-latest.tar.bz2.CONTENTS
# WHIRLPOOL HASH
3516e233c0a415c38defa1c19ed4c2cff59b628e36e3143712dd512f9da4def4145ae8f300fb9f6b65224298d6e906c7fe3915da2d3350d1cd84757be1b00213  stage1-amd64-latest.tar.bz2.CONTENTS

./admin/20170225-1488024440/livecd-stage1-amd64-latest.tar.bz2.DIGESTS
# SHA512 HASH
2cc1cdb94020d4a11b6e83792b85e18f3caf248652fcbeadf93aa7a00e8b73120e29b2d7b5d4adf998222523857a1c5238f04d1cd874ed030bbaf659b9bb64b7  livecd-stage1-amd64-latest.tar.bz2
# WHIRLPOOL HASH
864c399fcb2334a2403ed6dc3f2cc51476a3c58664f91b9c9b316e42ff64e5da2cf06fe6d2c1a4afdbf6856800456ffc2e87d53168604db80fb729137d9f8f64  livecd-stage1-amd64-latest.tar.bz2
# SHA512 HASH
a5cb0fd67ff0dc99a05ded3823c2cbf61b16f4acee0b66098dc9fcdeac9c746403bde3dc0e1acd0fcf40e04c79a10f1aa39915d31d1052a88a5563b2de2f7d81  livecd-stage1-amd64-latest.tar.bz2.CONTENTS
# WHIRLPOOL HASH
58d9c7c6d6a5fd4d92c60cacf973843ec799c0bb7f20ff78707c2ffa201d2a9f39dc01dc4d2cfe77c160791aebff6a2307955abb3703ed8385b388b66c387466  livecd-stage1-amd64-latest.tar.bz2.CONTENTS

./admin/20170225-1488024440/amd64-latest.iso.DIGESTS
# SHA512 HASH
fa83876a9ac9125effbfaf95ca9a1e62486d7020b9a3c42290b29d4007e36566dfbfc73f99f4bc28c576ecefb58fabf8ee8e776e7c73f0661a281df737032f9e  amd64-latest.iso
# WHIRLPOOL HASH
d2d9b1717f510a1af2bf879daf61e0a6ad3dc6b1a5f8787e4ed4c4f7f92cc8e3ad4312d8c0137ba9638f071187d27420fbe90962151eea4913daa43665055352  amd64-latest.iso
# SHA512 HASH
6f14f9513a3c4c9e7f86ee526f762afdf287169bcc4f312c5aaed363b0085f58786306e6b478f385c5753848ae634d620ac3bdb161c979e96ff1c1755016bb1f  amd64-latest.iso.CONTENTS
# WHIRLPOOL HASH
6e53133ad2cc3e78f774dc8cbe82158745fe6300f859781fb75eea111e5cf203f28f94474eb08d36ae362849499162a0d2752b763515f5c09b991e1a87a3c63f  amd64-latest.iso.CONTENTS

./minimal/20170225-1488024440/livecd-stage1-amd64-latest.tar.bz2.DIGESTS
# SHA512 HASH
a98e560980bbee5ab9223608849970604c3d2c1f47b5737f630b613b0d5298b213df709e02b038bf50309ddf3d44ee158245d3a3dc99cc8c0f59be34bc74e1c1  livecd-stage1-amd64-latest.tar.bz2
# WHIRLPOOL HASH
426e3617fdaa0d2108beb8554ae3e8914bb942df2bdbfd7a63b1a6a9327043c00b2e637583346252ea2661dc00349ace4ff1ddbd9ebce815a7f0f1f8b5a92f38  livecd-stage1-amd64-latest.tar.bz2
# SHA512 HASH
425e1bd4f86e054afd351bffd013662bd08cf20e7f4a4d373c15a15c0939f022348e62747b30a6bf8cfb86bf580f2a7cb0c0759e56fd69a495b58b82f8bf2302  livecd-stage1-amd64-latest.tar.bz2.CONTENTS
# WHIRLPOOL HASH
ab24bc0e041247a70ef3599715b4b9c7ff318fb9f1fa371be6491261a84507d49b3d7cd7bfd124383defaa5a4361b279ae8eac7070b7880b3032dbefec46f344  livecd-stage1-amd64-latest.tar.bz2.CONTENTS

./minimal/20170225-1488024440/amd64-latest.iso.DIGESTS
# SHA512 HASH
02694bf6097049368ef41bcce4065826e8acf59cd5b04600bb397d2080c91bae8b4f7c91fa0959324c362654e43e4f2230b70a8476d2433e961287af50fb16ee  amd64-latest.iso
# WHIRLPOOL HASH
f31759a0058685257eb9e0e8137c1da3dcb4fd3ad03de945935a76343fe22aacff8f8b57a385a6715e1ed4bf074c28241432f9bc37af6abea925c17a83630762  amd64-latest.iso
# SHA512 HASH
3325c282a0d1a67fc38a328123823601b1b33f63749a01dda4f73072c5d1579036d9b9b77ce38d169cfbc35f6e998e4fddfdfc1860ee23389d8f5d848db849c6  amd64-latest.iso.CONTENTS
# WHIRLPOOL HASH
48b8e7e3b650893f31a828790bff0d61852de88e13cbe0cf7638c34156ad40fe4bd887daefa3a3e8c2b764708e7c15c614608f15eee005fdb29206b711fe435e  amd64-latest.iso.CONTENTS

./init/20170225-1488024440/stage3-amd64-latest.tar.bz2.DIGESTS
# SHA512 HASH
4c6d8d940a982e8619511bcdf2f07f37e851b44e8a9682dc76bc75b40f57c217f7acf99178e98b4e53b57b3e95e4526ca9bbb8b1fa634fc9ac866cfd23f46cd4  stage3-amd64-latest.tar.bz2
# WHIRLPOOL HASH
b8a4328c4ea657e6d871edf82ad1b777d16ed92fac0d32d689528c1fb64a8416ddfecbddd370b8a4b2fb558af1e070c10dd339b921a57006bc8363a5ade394f9  stage3-amd64-latest.tar.bz2
# SHA512 HASH
31749b035a63de395f5743f8f1b9c4c6d04c47d6064fb6dd8151d16a637baab485245a9218f18c16af81c3859ac4d015892415cd80b4a0af007a23e284038e77  stage3-amd64-latest.tar.bz2.CONTENTS
# WHIRLPOOL HASH
67b0dfa665769f971f0a0c3dfd42b5ab8beb4e1ff18286be26df933acfc7fc23de7b77c6bf13cc4c4758d8a4b250ca947414b8a13554c0cccf2586196962029c  stage3-amd64-latest.tar.bz2.CONTENTS

./init/20170225-1488024440/stage2-amd64-latest.tar.bz2.DIGESTS
# SHA512 HASH
81eb5727fa545a7570e013b4a672d14fbfd4af48b7731a0d859c715b54781fdd9d27f7ed7a59c36df24cdf5978760303f3b49b9ce01ea585d6cf6c629f3d0a7c  stage2-amd64-latest.tar.bz2
# WHIRLPOOL HASH
40453355ce6de0444e60ea497db5cec6624b298bdcf960ccf5dbc990984d66c632750e838e34368a1baae9567eeb9f261fbb30769cfd47c3ebae49b75a61db31  stage2-amd64-latest.tar.bz2
# SHA512 HASH
74d63b2ce2bcb5394ea095eade992583bd7e3ad0702e828624beb240b2ac45874d8569ee213613adf39100b582d12361c7b8132887533acfa49821ea4e620dda  stage2-amd64-latest.tar.bz2.CONTENTS
# WHIRLPOOL HASH
ef87cd7068e55e38f237a7ba4b784faecde9f8081845560f6f0dcb7ddf1fdfe654364ad8088a458fcc4c12c458bc263fe815e0e30aeb8a094c20806b9dbd3a5f  stage2-amd64-latest.tar.bz2.CONTENTS

./init/20170225-1488024440/stage1-amd64-latest.tar.bz2.DIGESTS
# SHA512 HASH
4cff25f01f4f7c2fcc0c32630c058450580b3dbaf982070629b37d4f62a7e95dfd6fba0aa13da3b6e545a255c4747786a2c206796ddc7453e89a1d50a0f194c4  stage1-amd64-latest.tar.bz2
# WHIRLPOOL HASH
7d8a134ef3e1534c80966f767ae1891f4a540dce4736e4814f3e6d87bed967c3b48a4f6acc56e955bd49fa1f440454fdfbbf483aafdb3b034733893a62dec9a9  stage1-amd64-latest.tar.bz2
# SHA512 HASH
f1fced2a90e8a9074d9b35e10bbd8aa664bbad50aa7390753ca563011093947922245d153d2be885c858bb716cbc732ce5b948cf84b6241bdafa5983adcc5c8a  stage1-amd64-latest.tar.bz2.CONTENTS
# WHIRLPOOL HASH
89ef8e24edb122bfdb592ff32957938e85bea7171b3ae1bc54c7b1b2f38bf62c9baee6d0d2085db24721a8ed38dd28add1a2e3f432b2a682c9e3c3dddf862d8a  stage1-amd64-latest.tar.bz2.CONTENTS

./portage/20170225-1488024440/portage-latest.tar.bz2.DIGESTS
# SHA512 HASH
14df871a515fc3edb900f7596bff9f88137d6017d7505ac7cf6dea761c842ef8bd9b656d05adc2615a4830df03c4e03b6f0ed213b392d6b67f67fd83178ae301  portage-latest.tar.bz2
# WHIRLPOOL HASH
51ccf6868c5603b070725c393d200e373bba3b75db58be4d0967d2002bda3eb1d6e4b5b3cfc4e5e46f8a84ea451461d94de24c67562a2875925f351409429bb8  portage-latest.tar.bz2
# SHA512 HASH
4290032c1ecacf3a46620252691d3ea01b4d27998a3a9e7d307b3430bab9962652678560057d40cf779cce9272da91042fe348eeb37abc6bc0e3a966d83f0fb1  portage-latest.tar.bz2.CONTENTS
# WHIRLPOOL HASH
6dabd7c8e71f4b76a3ebe06ec468b87c342ac2e5cea2b099c5c2a212ddd4678287de78106124a9b4c82c6362849f50178d195c382521ffd70baffa92a256fc4f  portage-latest.tar.bz2.CONTENTS

